nohup: ignoring input
/home/farshedvardtgem22/miniconda3/envs/e2etune/lib/python3.8/site-packages/paramiko/pkey.py:100: CryptographyDeprecationWarning: TripleDES has been moved to cryptography.hazmat.decrepit.ciphers.algorithms.TripleDES and will be removed from cryptography.hazmat.primitives.ciphers.algorithms in 48.0.0.
  "cipher": algorithms.TripleDES,
/home/farshedvardtgem22/miniconda3/envs/e2etune/lib/python3.8/site-packages/paramiko/transport.py:258: CryptographyDeprecationWarning: TripleDES has been moved to cryptography.hazmat.decrepit.ciphers.algorithms.TripleDES and will be removed from cryptography.hazmat.primitives.ciphers.algorithms in 48.0.0.
  "class": algorithms.TripleDES,
{'database_config': {'host': 'localhost', 'port': '5432', 'user': 'postgres', 'password': '123456', 'database': 'smallbank', 'data_path': '/var/lib/postgresql/14/main'}, 'tuning_config': {'knob_config': 'knob_config/knob_config_pg14.json', 'log_path': 'smallbank_log_file_surrogate.log'}, 'benchmark_config': {'benchmark': 'smallbank', 'tool': 'benchbase', 'type': 'oltp', 'config_path': '0', 'benchbase_jar': '/home/farshedvardtgem22/E2ETune/benchbase/target/benchbase-postgres/benchbase.jar', 'workload_path': 'oltp_workloads/smallbank', 'stress_test_results_path': './stress_test_results', 'log_path': 'logs/olap.log', 'thread': '4'}, 'surrogate_config': {'model_name': 'random_forest', 'model_path': '/home/farshedvardtgem22/E2ETune/surrogate_model/surrogate.pkl', 'feature_path': 'SuperWG/feature.json'}}
Start time (unix seconds): 1764790489
Begin tuning for workload with surrogate model: 13
tune for workload: ./oltp_workloads/smallbank/sample_smallbank_config11.xml
Start time for workload (unix seconds): 1764790489
Running default configuration for workload
Loaded surrogate model from /home/farshedvardtgem22/E2ETune/surrogate_model/surrogate.pkl
Removed postgresql.auto.conf file (if it existed).
Resetting inner metrics...
Connecting to PostgreSQL at localhost:5432 with database smallbank
Internal metrics reset successfully.
Workload executor is called
Step 0: Recreating database from template for clean OLTP benchmark...
Recreating database smallbank from template...
Recreating smallbank database from template...
 pg_terminate_backend 
----------------------
(0 rows)

DROP DATABASE
CREATE DATABASE
Checking database size...
 size  
-------
 20 GB
(1 row)

Database smallbank recreated from smallbank_template successfully!
You can now run the TPC-C optimization script.
Database smallbank recreated successfully from template
Step 1: Change the database knobs
Step 2: Run OLTP workload using BenchBase
Workload path: ./oltp_workloads/smallbank/sample_smallbank_config11.xml
Updated config file: ./oltp_workloads/smallbank/sample_smallbank_config11.xml (preserving comments)
Copied updated config to BenchBase config directory: /home/farshedvardtgem22/E2ETune/benchbase/target/benchbase-postgres/config/postgres/sample_smallbank_config11.xml
Running BenchBase with benchmark: smallbank
Config file: sample_smallbank_config11.xml 
Results will be saved to: /home/farshedvardtgem22/E2ETune/stress_test_results/smallbank_results/sample_smallbank_config11
/home/farshedvardtgem22/E2ETune/benchbase/target/benchbase-postgres
BenchBase running success
Removed file: /home/farshedvardtgem22/E2ETune/stress_test_results/smallbank_results/sample_smallbank_config11/summary.json
Removed file: /home/farshedvardtgem22/E2ETune/stress_test_results/smallbank_results/sample_smallbank_config11/smallbank_2025-12-03_19-37-29.config.xml
Removed file: /home/farshedvardtgem22/E2ETune/stress_test_results/smallbank_results/sample_smallbank_config11/smallbank_1764790586.log
Removed file: /home/farshedvardtgem22/E2ETune/stress_test_results/smallbank_results/sample_smallbank_config11/smallbank_2025-12-03_19-37-29.metrics.json
Removed file: /home/farshedvardtgem22/E2ETune/stress_test_results/smallbank_results/sample_smallbank_config11/smallbank_2025-12-03_19-37-29.raw.csv
Removed file: /home/farshedvardtgem22/E2ETune/stress_test_results/smallbank_results/sample_smallbank_config11/smallbank_2025-12-03_19-37-29.results.Amalgamate.csv
Removed file: /home/farshedvardtgem22/E2ETune/stress_test_results/smallbank_results/sample_smallbank_config11/smallbank_2025-12-03_19-37-29.results.DepositChecking.csv
Archived summary file: /home/farshedvardtgem22/E2ETune/stress_test_results/smallbank_results/sample_smallbank_config11/summary/smallbank_2025-12-03_19-37-29.summary.json
Saved summary file as: /home/farshedvardtgem22/E2ETune/stress_test_results/smallbank_results/sample_smallbank_config11/summary.json
Removed file: /home/farshedvardtgem22/E2ETune/stress_test_results/smallbank_results/sample_smallbank_config11/smallbank_2025-12-03_19-37-29.samples.csv
Removed file: /home/farshedvardtgem22/E2ETune/stress_test_results/smallbank_results/sample_smallbank_config11/smallbank_2025-12-03_19-37-29.results.Balance.csv
Removed file: /home/farshedvardtgem22/E2ETune/stress_test_results/smallbank_results/sample_smallbank_config11/smallbank_2025-12-03_19-37-29.results.csv
Removed file: /home/farshedvardtgem22/E2ETune/stress_test_results/smallbank_results/sample_smallbank_config11/smallbank_1764779558.log
Removed file: /home/farshedvardtgem22/E2ETune/stress_test_results/smallbank_results/sample_smallbank_config11/smallbank_2025-12-03_19-37-29.results.WriteCheck.csv
Removed file: /home/farshedvardtgem22/E2ETune/stress_test_results/smallbank_results/sample_smallbank_config11/smallbank_2025-12-03_19-37-29.results.SendPayment.csv
Removed file: /home/farshedvardtgem22/E2ETune/stress_test_results/smallbank_results/sample_smallbank_config11/smallbank_2025-12-03_19-37-29.params.json
Removed file: /home/farshedvardtgem22/E2ETune/stress_test_results/smallbank_results/sample_smallbank_config11/smallbank_2025-12-03_19-37-29.results.TransactSavings.csv
Parsed throughput from summary.json: 1082.461786075993
BenchBase smallbank throughput: 1082.461786075993
Configuration: None, QPS: -1082.461786075993
Default configuration run complete for workload
Connecting to PostgreSQL at localhost:5432 with database smallbank
Fetched 14 internal metrics
Internal metrics: {'xact_commit': 67860.0, 'xact_rollback': 0.0, 'blks_read': 388205.0, 'blks_hit': 1194569.0, 'tup_returned': 235830.0, 'tup_fetched': 231759.0, 'tup_inserted': 0.0, 'conflicts': 0.0, 'tup_updated': 38776.0, 'tup_deleted': 0.0, 'disk_read_count': 506283.0, 'disk_write_count': 5.0, 'disk_read_bytes': 4147470336.0, 'disk_write_bytes': 40960.0}
Internal metrics collected: {'xact_commit': 67860.0, 'xact_rollback': 0.0, 'blks_read': 388205.0, 'blks_hit': 1194569.0, 'tup_returned': 235830.0, 'tup_fetched': 231759.0, 'tup_inserted': 0.0, 'conflicts': 0.0, 'tup_updated': 38776.0, 'tup_deleted': 0.0, 'disk_read_count': 506283.0, 'disk_write_count': 5.0, 'disk_read_bytes': 4147470336.0, 'disk_write_bytes': 40960.0}
Internal metrics saved to: internal_metrics/smallbank/sample_smallbank_config11_internal_metrics.json
Starting tuning for workload: ./oltp_workloads/smallbank/sample_smallbank_config11.xml
Using SURROGATE MODEL for fast evaluation
Loaded surrogate model from /home/farshedvardtgem22/E2ETune/surrogate_model/surrogate.pkl
Beginning SMAC optimization
Length of knobs: 44
Initialized configuration space with knobs.
Workload file: ./oltp_workloads/smallbank/sample_smallbank_config11.xml
Save workload identifier: sample_smallbank_config11
Starting SMAC scenario setup.
Evaluating configuration: {'autovacuum_analyze_scale_factor': 9.022416733205318, 'autovacuum_analyze_threshold': 1098782943, 'autovacuum_max_workers': 67, 'autovacuum_naptime': 1298967, 'autovacuum_vacuum_cost_delay': 83, 'autovacuum_vacuum_cost_limit': 8117, 'autovacuum_vacuum_scale_factor': 84.30853514000773, 'autovacuum_vacuum_threshold': 1939469733, 'backend_flush_after': 25, 'bgwriter_delay': 2921, 'bgwriter_flush_after': 174, 'bgwriter_lru_maxpages': 582, 'bgwriter_lru_multiplier': 7, 'checkpoint_completion_target': 0.3461359143257141, 'checkpoint_flush_after': 250, 'checkpoint_timeout': 2284, 'commit_delay': 36231, 'commit_siblings': 954, 'cursor_tuple_fraction': 0.1377423545345664, 'deadlock_timeout': 1408939122, 'default_statistics_target': 4358, 'effective_cache_size': 1394533168, 'effective_io_concurrency': 454, 'from_collapse_limit': 1798991148, 'geqo_effort': 3, 'geqo_generations': 159642294, 'geqo_pool_size': 1264875639, 'geqo_seed': 0.41606879886239767, 'geqo_threshold': 173074473, 'join_collapse_limit': 74037612, 'maintenance_work_mem': 957667097, 'max_connections': 1419, 'max_wal_senders': 22, 'shared_buffers': 217296, 'temp_buffers': 70276608, 'temp_file_limit': 118208495, 'vacuum_cost_delay': 63, 'vacuum_cost_limit': 3691, 'vacuum_cost_page_dirty': 4598, 'vacuum_cost_page_hit': 7434, 'vacuum_cost_page_miss': 312, 'wal_buffers': 9358, 'wal_writer_delay': 9009, 'work_mem': 1668439634}
Surrogate prediction for config: -1430.31 QPS
Performance (QPS): -1430.3073290156608
Evaluating configuration: {'autovacuum_analyze_scale_factor': 59.09048430621624, 'autovacuum_analyze_threshold': 269378350, 'autovacuum_max_workers': 121, 'autovacuum_naptime': 364983, 'autovacuum_vacuum_cost_delay': 46, 'autovacuum_vacuum_cost_limit': 162, 'autovacuum_vacuum_scale_factor': 47.69385075196624, 'autovacuum_vacuum_threshold': 722834952, 'backend_flush_after': 238, 'bgwriter_delay': 9452, 'bgwriter_flush_after': 93, 'bgwriter_lru_maxpages': 187, 'bgwriter_lru_multiplier': 3, 'checkpoint_completion_target': 0.9411872830241919, 'checkpoint_flush_after': 108, 'checkpoint_timeout': 1042, 'commit_delay': 83081, 'commit_siblings': 447, 'cursor_tuple_fraction': 0.5100215626880527, 'deadlock_timeout': 727367336, 'default_statistics_target': 5797, 'effective_cache_size': 612946166, 'effective_io_concurrency': 862, 'from_collapse_limit': 181234394, 'geqo_effort': 8, 'geqo_generations': 2082024641, 'geqo_pool_size': 344736214, 'geqo_seed': 0.5773294121026993, 'geqo_threshold': 1410184352, 'join_collapse_limit': 2014285460, 'maintenance_work_mem': 1770346271, 'max_connections': 2691, 'max_wal_senders': 29, 'shared_buffers': 3215730, 'temp_buffers': 978368191, 'temp_file_limit': 1375887961, 'vacuum_cost_delay': 9, 'vacuum_cost_limit': 6208, 'vacuum_cost_page_dirty': 7472, 'vacuum_cost_page_hit': 1318, 'vacuum_cost_page_miss': 7972, 'wal_buffers': 118787, 'wal_writer_delay': 213, 'work_mem': 409864143}
Surrogate prediction for config: -1480.52 QPS
Performance (QPS): -1480.5221389970816
Evaluating configuration: {'autovacuum_analyze_scale_factor': 0.1, 'autovacuum_analyze_threshold': 50, 'autovacuum_max_workers': 3, 'autovacuum_naptime': 60, 'autovacuum_vacuum_cost_delay': 2, 'autovacuum_vacuum_cost_limit': -1, 'autovacuum_vacuum_scale_factor': 0.2, 'autovacuum_vacuum_threshold': 50, 'backend_flush_after': 0, 'bgwriter_delay': 200, 'bgwriter_flush_after': 64, 'bgwriter_lru_maxpages': 2, 'bgwriter_lru_multiplier': 2, 'checkpoint_completion_target': 0.9, 'checkpoint_flush_after': 32, 'checkpoint_timeout': 300, 'commit_delay': 0, 'commit_siblings': 5, 'cursor_tuple_fraction': 0.1, 'deadlock_timeout': 1000, 'default_statistics_target': 100, 'effective_cache_size': 524288, 'effective_io_concurrency': 1, 'from_collapse_limit': 8, 'geqo_effort': 5, 'geqo_generations': 0, 'geqo_pool_size': 0, 'geqo_seed': 0.0, 'geqo_threshold': 12, 'join_collapse_limit': 8, 'maintenance_work_mem': 65536, 'max_connections': 100, 'max_wal_senders': 10, 'shared_buffers': 1024, 'temp_buffers': 1024, 'temp_file_limit': -1, 'vacuum_cost_delay': 0, 'vacuum_cost_limit': 200, 'vacuum_cost_page_dirty': 20, 'vacuum_cost_page_hit': 1, 'vacuum_cost_page_miss': 2, 'wal_buffers': -1, 'wal_writer_delay': 200, 'work_mem': 4096}
Surrogate prediction for config: -803.70 QPS
Performance (QPS): -803.6986036302959
Evaluating configuration: {'autovacuum_analyze_scale_factor': 76.40128070488572, 'autovacuum_analyze_threshold': 2054345871, 'autovacuum_max_workers': 48, 'autovacuum_naptime': 1742961, 'autovacuum_vacuum_cost_delay': 2, 'autovacuum_vacuum_cost_limit': 2889, 'autovacuum_vacuum_scale_factor': 68.17056005820632, 'autovacuum_vacuum_threshold': 292674466, 'backend_flush_after': 185, 'bgwriter_delay': 6898, 'bgwriter_flush_after': 57, 'bgwriter_lru_maxpages': 369, 'bgwriter_lru_multiplier': 10, 'checkpoint_completion_target': 0.11681524477899075, 'checkpoint_flush_after': 25, 'checkpoint_timeout': 3292, 'commit_delay': 59820, 'commit_siblings': 705, 'cursor_tuple_fraction': 0.8368948232382536, 'deadlock_timeout': 1828021056, 'default_statistics_target': 979, 'effective_cache_size': 298898560, 'effective_io_concurrency': 229, 'from_collapse_limit': 1168982740, 'geqo_effort': 5, 'geqo_generations': 1431332651, 'geqo_pool_size': 1791561467, 'geqo_seed': 0.9844945101067424, 'geqo_threshold': 1014366143, 'join_collapse_limit': 1215862036, 'maintenance_work_mem': 353354037, 'max_connections': 110, 'max_wal_senders': 11, 'shared_buffers': 2180834, 'temp_buffers': 577406274, 'temp_file_limit': 1860665339, 'vacuum_cost_delay': 81, 'vacuum_cost_limit': 699, 'vacuum_cost_page_dirty': 2223, 'vacuum_cost_page_hit': 9814, 'vacuum_cost_page_miss': 4302, 'wal_buffers': 98184, 'wal_writer_delay': 7372, 'work_mem': 1272186404}
Surrogate prediction for config: -1470.35 QPS
Performance (QPS): -1470.353929940036
Evaluating configuration: {'autovacuum_analyze_scale_factor': 26.481935661286116, 'autovacuum_analyze_threshold': 721596254, 'autovacuum_max_workers': 190, 'autovacuum_naptime': 1062135, 'autovacuum_vacuum_cost_delay': 67, 'autovacuum_vacuum_cost_limit': 5079, 'autovacuum_vacuum_scale_factor': 1.2826400808990002, 'autovacuum_vacuum_threshold': 1241364491, 'backend_flush_after': 76, 'bgwriter_delay': 477, 'bgwriter_flush_after': 204, 'bgwriter_lru_maxpages': 980, 'bgwriter_lru_multiplier': 0, 'checkpoint_completion_target': 0.7091427892446518, 'checkpoint_flush_after': 141, 'checkpoint_timeout': 41, 'commit_delay': 6757, 'commit_siblings': 195, 'cursor_tuple_fraction': 0.46846663393080235, 'deadlock_timeout': 341141914, 'default_statistics_target': 8863, 'effective_cache_size': 1715922758, 'effective_io_concurrency': 572, 'from_collapse_limit': 609895714, 'geqo_effort': 6, 'geqo_generations': 550156632, 'geqo_pool_size': 891369298, 'geqo_seed': 0.020743686705827713, 'geqo_threshold': 1646830390, 'join_collapse_limit': 874423020, 'maintenance_work_mem': 1167999267, 'max_connections': 1786, 'max_wal_senders': 39, 'shared_buffers': 1247105, 'temp_buffers': 470443576, 'temp_file_limit': 1005496917, 'vacuum_cost_delay': 28, 'vacuum_cost_limit': 8183, 'vacuum_cost_page_dirty': 9458, 'vacuum_cost_page_hit': 3934, 'vacuum_cost_page_miss': 6476, 'wal_buffers': 35589, 'wal_writer_delay': 3725, 'work_mem': 818438137}
Surrogate prediction for config: -1579.25 QPS
Performance (QPS): -1579.2546389513045
Evaluating configuration: {'autovacuum_analyze_scale_factor': 48.01633795723319, 'autovacuum_analyze_threshold': 1816547535, 'autovacuum_max_workers': 149, 'autovacuum_naptime': 621009, 'autovacuum_vacuum_cost_delay': 59, 'autovacuum_vacuum_cost_limit': 9147, 'autovacuum_vacuum_scale_factor': 57.31241349130869, 'autovacuum_vacuum_threshold': 231256504, 'backend_flush_after': 145, 'bgwriter_delay': 8439, 'bgwriter_flush_after': 15, 'bgwriter_lru_maxpages': 813, 'bgwriter_lru_multiplier': 9, 'checkpoint_completion_target': 0.8292871350422502, 'checkpoint_flush_after': 165, 'checkpoint_timeout': 530, 'commit_delay': 23408, 'commit_siblings': 91, 'cursor_tuple_fraction': 0.9567479509860277, 'deadlock_timeout': 1229396950, 'default_statistics_target': 3231, 'effective_cache_size': 1277266344, 'effective_io_concurrency': 90, 'from_collapse_limit': 894198186, 'geqo_effort': 7, 'geqo_generations': 1262883605, 'geqo_pool_size': 2070704061, 'geqo_seed': 0.693586204200983, 'geqo_threshold': 400058367, 'join_collapse_limit': 535658784, 'maintenance_work_mem': 160923555, 'max_connections': 833, 'max_wal_senders': 45, 'shared_buffers': 2766233, 'temp_buffers': 843252663, 'temp_file_limit': 1300067389, 'vacuum_cost_delay': 21, 'vacuum_cost_limit': 9385, 'vacuum_cost_page_dirty': 784, 'vacuum_cost_page_hit': 3665, 'vacuum_cost_page_miss': 5211, 'wal_buffers': 103151, 'wal_writer_delay': 8140, 'work_mem': 656629010}
Surrogate prediction for config: -1606.22 QPS
Performance (QPS): -1606.2213928086874
Evaluating configuration: {'autovacuum_analyze_scale_factor': 97.93487088754773, 'autovacuum_analyze_threshold': 1026960158, 'autovacuum_max_workers': 91, 'autovacuum_naptime': 2108575, 'autovacuum_vacuum_cost_delay': 19, 'autovacuum_vacuum_cost_limit': 1320, 'autovacuum_vacuum_scale_factor': 24.787272326648235, 'autovacuum_vacuum_threshold': 1430573589, 'backend_flush_after': 100, 'bgwriter_delay': 4246, 'bgwriter_flush_after': 253, 'bgwriter_lru_maxpages': 456, 'bgwriter_lru_multiplier': 1, 'checkpoint_completion_target': 0.48489107098430395, 'checkpoint_flush_after': 49, 'checkpoint_timeout': 2860, 'commit_delay': 70121, 'commit_siblings': 567, 'cursor_tuple_fraction': 0.33298872970044613, 'deadlock_timeout': 837226764, 'default_statistics_target': 6616, 'effective_cache_size': 1001896558, 'effective_io_concurrency': 750, 'from_collapse_limit': 1421567580, 'geqo_effort': 4, 'geqo_generations': 1054657890, 'geqo_pool_size': 612652560, 'geqo_seed': 0.28427873831242323, 'geqo_threshold': 1233468278, 'join_collapse_limit': 1670100696, 'maintenance_work_mem': 1493629621, 'max_connections': 2449, 'max_wal_senders': 5, 'shared_buffers': 1602634, 'temp_buffers': 203677959, 'temp_file_limit': 410296723, 'vacuum_cost_delay': 69, 'vacuum_cost_limit': 1902, 'vacuum_cost_page_dirty': 8707, 'vacuum_cost_page_hit': 7592, 'vacuum_cost_page_miss': 3068, 'wal_buffers': 26210, 'wal_writer_delay': 2015, 'work_mem': 1547633999}
Surrogate prediction for config: -1632.70 QPS
Performance (QPS): -1632.6962327089748
Evaluating configuration: {'autovacuum_analyze_scale_factor': 68.1232750415802, 'autovacuum_analyze_threshold': 1464507551, 'autovacuum_max_workers': 167, 'autovacuum_naptime': 260835, 'autovacuum_vacuum_cost_delay': 29, 'autovacuum_vacuum_cost_limit': 4223, 'autovacuum_vacuum_scale_factor': 92.15154927223921, 'autovacuum_vacuum_threshold': 1864409019, 'backend_flush_after': 49, 'bgwriter_delay': 1800, 'bgwriter_flush_after': 153, 'bgwriter_lru_maxpages': 104, 'bgwriter_lru_multiplier': 6, 'checkpoint_completion_target': 0.5672597279772162, 'checkpoint_flush_after': 69, 'checkpoint_timeout': 1531, 'commit_delay': 99241, 'commit_siblings': 341, 'cursor_tuple_fraction': 0.006115379743278027, 'deadlock_timeout': 1984482532, 'default_statistics_target': 1414, 'effective_cache_size': 250592792, 'effective_io_concurrency': 351, 'from_collapse_limit': 467357266, 'geqo_effort': 10, 'geqo_generations': 395675276, 'geqo_pool_size': 1522604345, 'geqo_seed': 0.15250328183174133, 'geqo_threshold': 570257513, 'join_collapse_limit': 1409068376, 'maintenance_work_mem': 629937567, 'max_connections': 608, 'max_wal_senders': 35, 'shared_buffers': 533398, 'temp_buffers': 337236825, 'temp_file_limit': 613530673, 'vacuum_cost_delay': 40, 'vacuum_cost_limit': 7487, 'vacuum_cost_page_dirty': 3488, 'vacuum_cost_page_hit': 963, 'vacuum_cost_page_miss': 9247, 'wal_buffers': 51689, 'wal_writer_delay': 5403, 'work_mem': 260375776}
Surrogate prediction for config: -1669.12 QPS
Performance (QPS): -1669.1201542139759
Evaluating configuration: {'autovacuum_analyze_scale_factor': 18.054398335516453, 'autovacuum_analyze_threshold': 104523630, 'autovacuum_max_workers': 22, 'autovacuum_naptime': 1461821, 'autovacuum_vacuum_cost_delay': 91, 'autovacuum_vacuum_cost_limit': 6558, 'autovacuum_vacuum_scale_factor': 27.39966604858637, 'autovacuum_vacuum_threshold': 934083602, 'backend_flush_after': 198, 'bgwriter_delay': 5886, 'bgwriter_flush_after': 106, 'bgwriter_lru_maxpages': 744, 'bgwriter_lru_multiplier': 4, 'checkpoint_completion_target': 0.22403083089739084, 'checkpoint_flush_after': 210, 'checkpoint_timeout': 1852, 'commit_delay': 46242, 'commit_siblings': 818, 'cursor_tuple_fraction': 0.6260237609967589, 'deadlock_timeout': 250136126, 'default_statistics_target': 8745, 'effective_cache_size': 2038009310, 'effective_io_concurrency': 942, 'from_collapse_limit': 2049722788, 'geqo_effort': 1, 'geqo_generations': 1645172983, 'geqo_pool_size': 86581396, 'geqo_seed': 0.868207267485559, 'geqo_threshold': 2141203680, 'join_collapse_limit': 798661280, 'maintenance_work_mem': 1964871833, 'max_connections': 1935, 'max_wal_senders': 15, 'shared_buffers': 3826214, 'temp_buffers': 712585250, 'temp_file_limit': 1905813911, 'vacuum_cost_delay': 88, 'vacuum_cost_limit': 4969, 'vacuum_cost_page_dirty': 5771, 'vacuum_cost_page_hit': 5280, 'vacuum_cost_page_miss': 1535, 'wal_buffers': 81252, 'wal_writer_delay': 4127, 'work_mem': 1956207989}
Surrogate prediction for config: -1673.89 QPS
Performance (QPS): -1673.894752807781
Evaluating configuration: {'autovacuum_analyze_scale_factor': 24.392467457801104, 'autovacuum_analyze_threshold': 1969911119, 'autovacuum_max_workers': 163, 'autovacuum_naptime': 1880690, 'autovacuum_vacuum_cost_delay': 38, 'autovacuum_vacuum_cost_limit': 5652, 'autovacuum_vacuum_scale_factor': 51.02565577253699, 'autovacuum_vacuum_threshold': 26329702, 'backend_flush_after': 140, 'bgwriter_delay': 862, 'bgwriter_flush_after': 127, 'bgwriter_lru_maxpages': 517, 'bgwriter_lru_multiplier': 2, 'checkpoint_completion_target': 0.5030564842745662, 'checkpoint_flush_after': 7, 'checkpoint_timeout': 703, 'commit_delay': 54508, 'commit_siblings': 173, 'cursor_tuple_fraction': 0.9186503402888775, 'deadlock_timeout': 1689266024, 'default_statistics_target': 2922, 'effective_cache_size': 855200746, 'effective_io_concurrency': 270, 'from_collapse_limit': 1026139532, 'geqo_effort': 3, 'geqo_generations': 23614720, 'geqo_pool_size': 410094950, 'geqo_seed': 0.3290532799437642, 'geqo_threshold': 1116794408, 'join_collapse_limit': 1517115132, 'maintenance_work_mem': 97161105, 'max_connections': 1692, 'max_wal_senders': 25, 'shared_buffers': 2926931, 'temp_buffers': 1044371522, 'temp_file_limit': 761908879, 'vacuum_cost_delay': 67, 'vacuum_cost_limit': 7873, 'vacuum_cost_page_dirty': 1448, 'vacuum_cost_page_hit': 1912, 'vacuum_cost_page_miss': 8596, 'wal_buffers': 200, 'wal_writer_delay': 2936, 'work_mem': 2036127693}
Surrogate prediction for config: -1665.48 QPS
Performance (QPS): -1665.478069810132
Evaluating configuration: {'autovacuum_analyze_scale_factor': 74.28701287135482, 'autovacuum_analyze_threshold': 605687454, 'autovacuum_max_workers': 2, 'autovacuum_naptime': 682924, 'autovacuum_vacuum_cost_delay': 77, 'autovacuum_vacuum_cost_limit': 3565, 'autovacuum_vacuum_scale_factor': 18.52565510198474, 'autovacuum_vacuum_threshold': 1495114183, 'backend_flush_after': 127, 'bgwriter_delay': 6825, 'bgwriter_flush_after': 140, 'bgwriter_lru_maxpages': 127, 'bgwriter_lru_multiplier': 8, 'checkpoint_completion_target': 0.15877843368798494, 'checkpoint_flush_after': 146, 'checkpoint_timeout': 3061, 'commit_delay': 1521, 'commit_siblings': 665, 'cursor_tuple_fraction': 0.29296087473630905, 'deadlock_timeout': 470822322, 'default_statistics_target': 6920, 'effective_cache_size': 1164927020, 'effective_io_concurrency': 930, 'from_collapse_limit': 1558094458, 'geqo_effort': 7, 'geqo_generations': 1962052467, 'geqo_pool_size': 1201255623, 'geqo_seed': 0.6775582823902369, 'geqo_threshold': 483242657, 'join_collapse_limit': 638279940, 'maintenance_work_mem': 1432029859, 'max_connections': 391, 'max_wal_senders': 26, 'shared_buffers': 2025707, 'temp_buffers': 6241207, 'temp_file_limit': 2019564345, 'vacuum_cost_delay': 17, 'vacuum_cost_limit': 356, 'vacuum_cost_page_dirty': 9371, 'vacuum_cost_page_hit': 6855, 'vacuum_cost_page_miss': 933, 'wal_buffers': 128069, 'wal_writer_delay': 6594, 'work_mem': 37785168}
Surrogate prediction for config: -1695.67 QPS
Performance (QPS): -1695.6655854330852
Evaluating configuration: {'autovacuum_analyze_scale_factor': 91.7959289625287, 'autovacuum_analyze_threshold': 1315354911, 'autovacuum_max_workers': 132, 'autovacuum_naptime': 1519837, 'autovacuum_vacuum_cost_delay': 73, 'autovacuum_vacuum_cost_limit': 878, 'autovacuum_vacuum_scale_factor': 98.41327322646976, 'autovacuum_vacuum_threshold': 1668934753, 'backend_flush_after': 42, 'bgwriter_delay': 9368, 'bgwriter_flush_after': 234, 'bgwriter_lru_maxpages': 308, 'bgwriter_lru_multiplier': 5, 'checkpoint_completion_target': 0.7722707288339734, 'checkpoint_flush_after': 232, 'checkpoint_timeout': 1703, 'commit_delay': 30629, 'commit_siblings': 422, 'cursor_tuple_fraction': 0.1184236528351903, 'deadlock_timeout': 1539305562, 'default_statistics_target': 2356, 'effective_cache_size': 1882678362, 'effective_io_concurrency': 46, 'from_collapse_limit': 331254388, 'geqo_effort': 2, 'geqo_generations': 1572585625, 'geqo_pool_size': 970783714, 'geqo_seed': 0.7606275612488389, 'geqo_threshold': 1958083006, 'join_collapse_limit': 377256580, 'maintenance_work_mem': 701621677, 'max_connections': 2977, 'max_wal_senders': 8, 'shared_buffers': 966498, 'temp_buffers': 409274676, 'temp_file_limit': 1149568667, 'vacuum_cost_delay': 99, 'vacuum_cost_limit': 5239, 'vacuum_cost_page_dirty': 4074, 'vacuum_cost_page_hit': 4591, 'vacuum_cost_page_miss': 7102, 'wal_buffers': 89038, 'wal_writer_delay': 666, 'work_mem': 1375375259}
Surrogate prediction for config: -1708.89 QPS
Performance (QPS): -1708.8857174523785
Evaluating configuration: {'autovacuum_analyze_scale_factor': 41.65347293019295, 'autovacuum_analyze_threshold': 521585390, 'autovacuum_max_workers': 83, 'autovacuum_naptime': 37439, 'autovacuum_vacuum_cost_delay': 10, 'autovacuum_vacuum_cost_limit': 8652, 'autovacuum_vacuum_scale_factor': 33.686508145183325, 'autovacuum_vacuum_threshold': 1005948876, 'backend_flush_after': 223, 'bgwriter_delay': 3316, 'bgwriter_flush_after': 26, 'bgwriter_lru_maxpages': 915, 'bgwriter_lru_multiplier': 5, 'checkpoint_completion_target': 0.4291755883023143, 'checkpoint_flush_after': 114, 'checkpoint_timeout': 2053, 'commit_delay': 77354, 'commit_siblings': 916, 'cursor_tuple_fraction': 0.7480900222435594, 'deadlock_timeout': 589298304, 'default_statistics_target': 7799, 'effective_cache_size': 128014236, 'effective_io_concurrency': 638, 'from_collapse_limit': 1917422978, 'geqo_effort': 10, 'geqo_generations': 673259246, 'geqo_pool_size': 1714733643, 'geqo_seed': 0.23414401523768902, 'geqo_threshold': 719889719, 'join_collapse_limit': 1780108668, 'maintenance_work_mem': 2034262183, 'max_connections': 1318, 'max_wal_senders': 42, 'shared_buffers': 3997434, 'temp_buffers': 637922315, 'temp_file_limit': 294441781, 'vacuum_cost_delay': 48, 'vacuum_cost_limit': 2755, 'vacuum_cost_page_dirty': 6357, 'vacuum_cost_page_hit': 9142, 'vacuum_cost_page_miss': 4931, 'wal_buffers': 44867, 'wal_writer_delay': 9488, 'work_mem': 719771270}
Surrogate prediction for config: -861.26 QPS
Performance (QPS): -861.2552788854783
Evaluating configuration: {'autovacuum_analyze_scale_factor': 32.62144364416599, 'autovacuum_analyze_threshold': 1481784671, 'autovacuum_max_workers': 31, 'autovacuum_naptime': 410416, 'autovacuum_vacuum_cost_delay': 14, 'autovacuum_vacuum_cost_limit': 7083, 'autovacuum_vacuum_scale_factor': 78.04583366960287, 'autovacuum_vacuum_threshold': 2143323767, 'backend_flush_after': 2, 'bgwriter_delay': 5345, 'bgwriter_flush_after': 223, 'bgwriter_lru_maxpages': 753, 'bgwriter_lru_multiplier': 4, 'checkpoint_completion_target': 0.047244736924767494, 'checkpoint_flush_after': 90, 'checkpoint_timeout': 2516, 'commit_delay': 92443, 'commit_siblings': 810, 'cursor_tuple_fraction': 0.23637110088020563, 'deadlock_timeout': 2114816204, 'default_statistics_target': 4686, 'effective_cache_size': 767965554, 'effective_io_concurrency': 149, 'from_collapse_limit': 1667213578, 'geqo_effort': 9, 'geqo_generations': 1135457439, 'geqo_pool_size': 679058080, 'geqo_seed': 0.5593483727425337, 'geqo_threshold': 1595433470, 'join_collapse_limit': 1105817264, 'maintenance_work_mem': 893986599, 'max_connections': 2208, 'max_wal_senders': 49, 'shared_buffers': 379946, 'temp_buffers': 139234968, 'temp_file_limit': 1730088285, 'vacuum_cost_delay': 1, 'vacuum_cost_limit': 4055, 'vacuum_cost_page_dirty': 2684, 'vacuum_cost_page_hit': 8259, 'vacuum_cost_page_miss': 3695, 'wal_buffers': 112297, 'wal_writer_delay': 4916, 'work_mem': 1024316809}
Surrogate prediction for config: -1741.85 QPS
Performance (QPS): -1741.8505759615973
Evaluating configuration: {'autovacuum_analyze_scale_factor': 82.76318591088057, 'autovacuum_analyze_threshold': 153241262, 'autovacuum_max_workers': 182, 'autovacuum_naptime': 1088155, 'autovacuum_vacuum_cost_delay': 50, 'autovacuum_vacuum_cost_limit': 4947, 'autovacuum_vacuum_scale_factor': 41.407461650669575, 'autovacuum_vacuum_threshold': 659350998, 'backend_flush_after': 247, 'bgwriter_delay': 2029, 'bgwriter_flush_after': 46, 'bgwriter_lru_maxpages': 392, 'bgwriter_lru_multiplier': 7, 'checkpoint_completion_target': 0.6424217484891415, 'checkpoint_flush_after': 207, 'checkpoint_timeout': 1302, 'commit_delay': 39368, 'commit_siblings': 286, 'cursor_tuple_fraction': 0.6145173208788037, 'deadlock_timeout': 112034326, 'default_statistics_target': 5473, 'effective_cache_size': 1515195060, 'effective_io_concurrency': 557, 'from_collapse_limit': 44609276, 'geqo_effort': 2, 'geqo_generations': 909601492, 'geqo_pool_size': 2006033165, 'geqo_seed': 0.46279645804315805, 'geqo_threshold': 21314935, 'join_collapse_limit': 1032804680, 'maintenance_work_mem': 1708697389, 'max_connections': 518, 'max_wal_senders': 2, 'shared_buffers': 3640755, 'temp_buffers': 908881252, 'temp_file_limit': 840358131, 'vacuum_cost_delay': 52, 'vacuum_cost_limit': 6538, 'vacuum_cost_page_dirty': 5557, 'vacuum_cost_page_hit': 3003, 'vacuum_cost_page_miss': 5839, 'wal_buffers': 16932, 'wal_writer_delay': 6181, 'work_mem': 1175555276}
Surrogate prediction for config: -1793.68 QPS
Performance (QPS): -1793.6795689090459
Evaluating configuration: {'autovacuum_analyze_scale_factor': 52.75337500497699, 'autovacuum_analyze_threshold': 1667166479, 'autovacuum_max_workers': 62, 'autovacuum_naptime': 855221, 'autovacuum_vacuum_cost_delay': 100, 'autovacuum_vacuum_cost_limit': 2007, 'autovacuum_vacuum_scale_factor': 74.457055516541, 'autovacuum_vacuum_threshold': 489203836, 'backend_flush_after': 164, 'bgwriter_delay': 4485, 'bgwriter_flush_after': 72, 'bgwriter_lru_maxpages': 39, 'bgwriter_lru_multiplier': 1, 'checkpoint_completion_target': 0.2866819314658642, 'checkpoint_flush_after': 187, 'checkpoint_timeout': 3523, 'commit_delay': 16120, 'commit_siblings': 560, 'cursor_tuple_fraction': 0.7890544533729553, 'deadlock_timeout': 1090674686, 'default_statistics_target': 58, 'effective_cache_size': 1862799042, 'effective_io_concurrency': 408, 'from_collapse_limit': 1304987378, 'geqo_effort': 6, 'geqo_generations': 528359738, 'geqo_pool_size': 164949028, 'geqo_seed': 0.1004312876611948, 'geqo_threshold': 1765635688, 'join_collapse_limit': 234373832, 'maintenance_work_mem': 424825123, 'max_connections': 2364, 'max_wal_senders': 32, 'shared_buffers': 2611726, 'temp_buffers': 773218065, 'temp_file_limit': 250856785, 'vacuum_cost_delay': 32, 'vacuum_cost_limit': 1576, 'vacuum_cost_page_dirty': 387, 'vacuum_cost_page_hit': 5863, 'vacuum_cost_page_miss': 2159, 'wal_buffers': 60847, 'wal_writer_delay': 1561, 'work_mem': 363564379}
Surrogate prediction for config: -1751.62 QPS
Performance (QPS): -1751.6185914705889
Evaluating configuration: {'autovacuum_analyze_scale_factor': 2.858112845569849, 'autovacuum_analyze_threshold': 841911006, 'autovacuum_max_workers': 101, 'autovacuum_naptime': 1783905, 'autovacuum_vacuum_cost_delay': 34, 'autovacuum_vacuum_cost_limit': 9712, 'autovacuum_vacuum_scale_factor': 7.545425556600094, 'autovacuum_vacuum_threshold': 1168427985, 'backend_flush_after': 87, 'bgwriter_delay': 7887, 'bgwriter_flush_after': 188, 'bgwriter_lru_maxpages': 683, 'bgwriter_lru_multiplier': 9, 'checkpoint_completion_target': 0.8791203442960978, 'checkpoint_flush_after': 47, 'checkpoint_timeout': 301, 'commit_delay': 62957, 'commit_siblings': 35, 'cursor_tuple_fraction': 0.4069315083324909, 'deadlock_timeout': 966939940, 'default_statistics_target': 9790, 'effective_cache_size': 413023492, 'effective_io_concurrency': 752, 'from_collapse_limit': 742359300, 'geqo_effort': 5, 'geqo_generations': 1793392461, 'geqo_pool_size': 1446827401, 'geqo_seed': 0.8788679363206029, 'geqo_threshold': 929049313, 'join_collapse_limit': 1906210096, 'maintenance_work_mem': 1237569809, 'max_connections': 1100, 'max_wal_senders': 18, 'shared_buffers': 1416118, 'temp_buffers': 276217388, 'temp_file_limit': 1543114999, 'vacuum_cost_delay': 83, 'vacuum_cost_limit': 9093, 'vacuum_cost_page_dirty': 7622, 'vacuum_cost_page_hit': 374, 'vacuum_cost_page_miss': 9869, 'wal_buffers': 71970, 'wal_writer_delay': 7661, 'work_mem': 1857541382}
Surrogate prediction for config: -1790.65 QPS
Performance (QPS): -1790.6493165386182
Evaluating configuration: {'autovacuum_analyze_scale_factor': 4.810939077287912, 'autovacuum_analyze_threshold': 1733022457, 'autovacuum_max_workers': 7, 'autovacuum_naptime': 170989, 'autovacuum_vacuum_cost_delay': 64, 'autovacuum_vacuum_cost_limit': 4519, 'autovacuum_vacuum_scale_factor': 45.70860341191292, 'autovacuum_vacuum_threshold': 446696662, 'backend_flush_after': 119, 'bgwriter_delay': 3829, 'bgwriter_flush_after': 177, 'bgwriter_lru_maxpages': 864, 'bgwriter_lru_multiplier': 4, 'checkpoint_completion_target': 0.8707450851798058, 'checkpoint_flush_after': 157, 'checkpoint_timeout': 2396, 'commit_delay': 58635, 'commit_siblings': 399, 'cursor_tuple_fraction': 0.8470497215166688, 'deadlock_timeout': 1451326618, 'default_statistics_target': 7189, 'effective_cache_size': 142041376, 'effective_io_concurrency': 791, 'from_collapse_limit': 96187758, 'geqo_effort': 8, 'geqo_generations': 332639024, 'geqo_pool_size': 1608470867, 'geqo_seed': 0.9223102023825049, 'geqo_threshold': 422742857, 'join_collapse_limit': 988249558, 'maintenance_work_mem': 207085937, 'max_connections': 293, 'max_wal_senders': 23, 'shared_buffers': 2707568, 'temp_buffers': 309878623, 'temp_file_limit': 2087156255, 'vacuum_cost_delay': 77, 'vacuum_cost_limit': 3336, 'vacuum_cost_page_dirty': 4876, 'vacuum_cost_page_hit': 3298, 'vacuum_cost_page_miss': 2587, 'wal_buffers': 48795, 'wal_writer_delay': 4458, 'work_mem': 511946888}
Surrogate prediction for config: -1778.15 QPS
Performance (QPS): -1778.1496988123556
Evaluating configuration: {'autovacuum_analyze_scale_factor': 54.70811007544398, 'autovacuum_analyze_threshold': 909879604, 'autovacuum_max_workers': 156, 'autovacuum_naptime': 1385992, 'autovacuum_vacuum_cost_delay': -1, 'autovacuum_vacuum_cost_limit': 7199, 'autovacuum_vacuum_scale_factor': 84.69125293195248, 'autovacuum_vacuum_threshold': 1110208375, 'backend_flush_after': 130, 'bgwriter_delay': 8540, 'bgwriter_flush_after': 66, 'bgwriter_lru_maxpages': 469, 'bgwriter_lru_multiplier': 6, 'checkpoint_completion_target': 0.4629648458212614, 'checkpoint_flush_after': 9, 'checkpoint_timeout': 932, 'commit_delay': 11895, 'commit_siblings': 876, 'cursor_tuple_fraction': 0.4728327365592122, 'deadlock_timeout': 773944896, 'default_statistics_target': 2653, 'effective_cache_size': 2145473254, 'effective_io_concurrency': 385, 'from_collapse_limit': 1682748056, 'geqo_effort': 3, 'geqo_generations': 1716090179, 'geqo_pool_size': 3631354, 'geqo_seed': 0.08331520110368729, 'geqo_threshold': 1198512064, 'join_collapse_limit': 1182878254, 'maintenance_work_mem': 1556504691, 'max_connections': 1606, 'max_wal_senders': 27, 'shared_buffers': 1774032, 'temp_buffers': 739818539, 'temp_file_limit': 695119753, 'vacuum_cost_delay': 26, 'vacuum_cost_limit': 5858, 'vacuum_cost_page_dirty': 7115, 'vacuum_cost_page_hit': 7965, 'vacuum_cost_page_miss': 5384, 'wal_buffers': 84502, 'wal_writer_delay': 5701, 'work_mem': 1704978829}
Surrogate prediction for config: -1802.27 QPS
Performance (QPS): -1802.2671551060291
Evaluating configuration: {'autovacuum_analyze_scale_factor': 84.71429403871298, 'autovacuum_analyze_threshold': 1548164745, 'autovacuum_max_workers': 76, 'autovacuum_naptime': 549374, 'autovacuum_vacuum_cost_delay': 49, 'autovacuum_vacuum_cost_limit': 9591, 'autovacuum_vacuum_scale_factor': 4.815126582980156, 'autovacuum_vacuum_threshold': 2017993425, 'backend_flush_after': 216, 'bgwriter_delay': 6097, 'bgwriter_flush_after': 40, 'bgwriter_lru_maxpages': 87, 'bgwriter_lru_multiplier': 1, 'checkpoint_completion_target': 0.6077100019901991, 'checkpoint_flush_after': 124, 'checkpoint_timeout': 3181, 'commit_delay': 32800, 'commit_siblings': 149, 'cursor_tuple_fraction': 0.178312785923481, 'deadlock_timeout': 1770957736, 'default_statistics_target': 8068, 'effective_cache_size': 1253660304, 'effective_io_concurrency': 518, 'from_collapse_limit': 724343446, 'geqo_effort': 6, 'geqo_generations': 1325416105, 'geqo_pool_size': 2121410511, 'geqo_seed': 0.47888448368757963, 'geqo_threshold': 790076639, 'join_collapse_limit': 1995854254, 'maintenance_work_mem': 541898725, 'max_connections': 1232, 'max_wal_senders': 7, 'shared_buffers': 738943, 'temp_buffers': 874680257, 'temp_file_limit': 361476651, 'vacuum_cost_delay': 59, 'vacuum_cost_limit': 1055, 'vacuum_cost_page_dirty': 1935, 'vacuum_cost_page_hit': 667, 'vacuum_cost_page_miss': 1714, 'wal_buffers': 124317, 'wal_writer_delay': 1571, 'work_mem': 908453946}
Surrogate prediction for config: -1741.74 QPS
Performance (QPS): -1741.740631818473
Evaluating configuration: {'autovacuum_analyze_scale_factor': 34.5752265304327, 'autovacuum_analyze_threshold': 221734212, 'autovacuum_max_workers': 137, 'autovacuum_naptime': 2014535, 'autovacuum_vacuum_cost_delay': 86, 'autovacuum_vacuum_cost_limit': 2440, 'autovacuum_vacuum_scale_factor': 63.13391551375389, 'autovacuum_vacuum_threshold': 549732732, 'backend_flush_after': 35, 'bgwriter_delay': 1280, 'bgwriter_flush_after': 213, 'bgwriter_lru_maxpages': 698, 'bgwriter_lru_multiplier': 9, 'checkpoint_completion_target': 0.20311132818460464, 'checkpoint_flush_after': 233, 'checkpoint_timeout': 154, 'commit_delay': 85778, 'commit_siblings': 626, 'cursor_tuple_fraction': 0.5486789308488369, 'deadlock_timeout': 288268658, 'default_statistics_target': 2087, 'effective_cache_size': 1026516310, 'effective_io_concurrency': 173, 'from_collapse_limit': 1255906656, 'geqo_effort': 4, 'geqo_generations': 983228638, 'geqo_pool_size': 563748478, 'geqo_seed': 0.5149009339511395, 'geqo_threshold': 1900724310, 'join_collapse_limit': 177235542, 'maintenance_work_mem': 1893545695, 'max_connections': 2879, 'max_wal_senders': 44, 'shared_buffers': 3737568, 'temp_buffers': 172125454, 'temp_file_limit': 1082288005, 'vacuum_cost_delay': 7, 'vacuum_cost_limit': 8532, 'vacuum_cost_page_dirty': 9824, 'vacuum_cost_page_hit': 5570, 'vacuum_cost_page_miss': 8752, 'wal_buffers': 4368, 'wal_writer_delay': 7964, 'work_mem': 1295626727}
Surrogate prediction for config: -1739.34 QPS
Performance (QPS): -1739.3420071453017
Evaluating configuration: {'autovacuum_analyze_scale_factor': 38.14081698656082, 'autovacuum_analyze_threshold': 1249090249, 'autovacuum_max_workers': 177, 'autovacuum_naptime': 1650355, 'autovacuum_vacuum_cost_delay': 88, 'autovacuum_vacuum_cost_limit': 3371, 'autovacuum_vacuum_scale_factor': 18.92035761848092, 'autovacuum_vacuum_threshold': 1693534407, 'backend_flush_after': 256, 'bgwriter_delay': 9864, 'bgwriter_flush_after': 16, 'bgwriter_lru_maxpages': 594, 'bgwriter_lru_multiplier': 0, 'checkpoint_completion_target': 0.32118713948875666, 'checkpoint_flush_after': 194, 'checkpoint_timeout': 641, 'commit_delay': 94224, 'commit_siblings': 521, 'cursor_tuple_fraction': 0.06039774790406227, 'deadlock_timeout': 1279054654, 'default_statistics_target': 5205, 'effective_cache_size': 390597560, 'effective_io_concurrency': 661, 'from_collapse_limit': 1540209128, 'geqo_effort': 4, 'geqo_generations': 1360415375, 'geqo_pool_size': 1876379281, 'geqo_seed': 0.2151053510606289, 'geqo_threshold': 79299743, 'join_collapse_limit': 560154010, 'maintenance_work_mem': 1020556511, 'max_connections': 420, 'max_wal_senders': 50, 'shared_buffers': 13639, 'temp_buffers': 604703044, 'temp_file_limit': 907131373, 'vacuum_cost_delay': 43, 'vacuum_cost_limit': 9811, 'vacuum_cost_page_dirty': 1150, 'vacuum_cost_page_hit': 7186, 'vacuum_cost_page_miss': 7525, 'wal_buffers': 67834, 'wal_writer_delay': 2691, 'work_mem': 1523757836}
Surrogate prediction for config: -1368.06 QPS
Performance (QPS): -1368.0615325883182
Evaluating configuration: {'autovacuum_analyze_scale_factor': 88.27907536178827, 'autovacuum_analyze_threshold': 453239044, 'autovacuum_max_workers': 37, 'autovacuum_naptime': 989066, 'autovacuum_vacuum_cost_delay': 26, 'autovacuum_vacuum_cost_limit': 6159, 'autovacuum_vacuum_scale_factor': 61.57751129940152, 'autovacuum_vacuum_threshold': 1014836070, 'backend_flush_after': 11, 'bgwriter_delay': 2818, 'bgwriter_flush_after': 228, 'bgwriter_lru_maxpages': 238, 'bgwriter_lru_multiplier': 10, 'checkpoint_completion_target': 0.9778543328866363, 'checkpoint_flush_after': 84, 'checkpoint_timeout': 2747, 'commit_delay': 47402, 'commit_siblings': 12, 'cursor_tuple_fraction': 0.6822191923856735, 'deadlock_timeout': 882694628, 'default_statistics_target': 4955, 'effective_cache_size': 1625176190, 'effective_io_concurrency': 7, 'from_collapse_limit': 976928286, 'geqo_effort': 7, 'geqo_generations': 613192932, 'geqo_pool_size': 809467708, 'geqo_seed': 0.8060534400865436, 'geqo_threshold': 1525110806, 'join_collapse_limit': 1560638050, 'maintenance_work_mem': 1816522981, 'max_connections': 2122, 'max_wal_senders': 0, 'shared_buffers': 3306648, 'temp_buffers': 443279943, 'temp_file_limit': 1662544963, 'vacuum_cost_delay': 92, 'vacuum_cost_limit': 2333, 'vacuum_cost_page_dirty': 8419, 'vacuum_cost_page_hit': 1581, 'vacuum_cost_page_miss': 441, 'wal_buffers': 64631, 'wal_writer_delay': 6526, 'work_mem': 567208785}
Surrogate prediction for config: -1662.96 QPS
Performance (QPS): -1662.9551008755843
Evaluating configuration: {'autovacuum_analyze_scale_factor': 70.77226033434272, 'autovacuum_analyze_threshold': 1904170681, 'autovacuum_max_workers': 108, 'autovacuum_naptime': 1221705, 'autovacuum_vacuum_cost_delay': 22, 'autovacuum_vacuum_cost_limit': 8141, 'autovacuum_vacuum_scale_factor': 28.612651396542788, 'autovacuum_vacuum_threshold': 102328012, 'backend_flush_after': 94, 'bgwriter_delay': 267, 'bgwriter_flush_after': 134, 'bgwriter_lru_maxpages': 322, 'bgwriter_lru_multiplier': 2, 'checkpoint_completion_target': 0.09085974749177694, 'checkpoint_flush_after': 33, 'checkpoint_timeout': 1419, 'commit_delay': 20638, 'commit_siblings': 770, 'cursor_tuple_fraction': 0.9767390536144376, 'deadlock_timeout': 1932723212, 'default_statistics_target': 9521, 'effective_cache_size': 1434860552, 'effective_io_concurrency': 906, 'from_collapse_limit': 1968870928, 'geqo_effort': 1, 'geqo_generations': 231071498, 'geqo_pool_size': 1316630549, 'geqo_seed': 0.63118826597929, 'geqo_threshold': 849285897, 'join_collapse_limit': 1836214754, 'maintenance_work_mem': 282009459, 'max_connections': 1014, 'max_wal_senders': 34, 'shared_buffers': 2237227, 'temp_buffers': 38918670, 'temp_file_limit': 1610445281, 'vacuum_cost_delay': 24, 'vacuum_cost_limit': 7060, 'vacuum_cost_page_dirty': 3132, 'vacuum_cost_page_hit': 9474, 'vacuum_cost_page_miss': 6620, 'wal_buffers': 21500, 'wal_writer_delay': 1203, 'work_mem': 1920264890}
Surrogate prediction for config: -1793.28 QPS
Performance (QPS): -1793.2767424729818
Evaluating configuration: {'autovacuum_analyze_scale_factor': 20.874277222901583, 'autovacuum_analyze_threshold': 537865588, 'autovacuum_max_workers': 56, 'autovacuum_naptime': 276571, 'autovacuum_vacuum_cost_delay': 62, 'autovacuum_vacuum_cost_limit': 1078, 'autovacuum_vacuum_scale_factor': 89.433688018471, 'autovacuum_vacuum_threshold': 1586824545, 'backend_flush_after': 171, 'bgwriter_delay': 7422, 'bgwriter_flush_after': 117, 'bgwriter_lru_maxpages': 963, 'bgwriter_lru_multiplier': 8, 'checkpoint_completion_target': 0.746817515231669, 'checkpoint_flush_after': 180, 'checkpoint_timeout': 1963, 'commit_delay': 73722, 'commit_siblings': 263, 'cursor_tuple_fraction': 0.35876862797886133, 'deadlock_timeout': 194186966, 'default_statistics_target': 326, 'effective_cache_size': 571477966, 'effective_io_concurrency': 309, 'from_collapse_limit': 346919398, 'geqo_effort': 10, 'geqo_generations': 2019492221, 'geqo_pool_size': 294783416, 'geqo_seed': 0.3471249183639884, 'geqo_threshold': 1824673664, 'join_collapse_limit': 286547482, 'maintenance_work_mem': 1079942001, 'max_connections': 2266, 'max_wal_senders': 17, 'shared_buffers': 1073819, 'temp_buffers': 1009859263, 'temp_file_limit': 183804999, 'vacuum_cost_delay': 73, 'vacuum_cost_limit': 4539, 'vacuum_cost_page_dirty': 6049, 'vacuum_cost_page_hit': 4259, 'vacuum_cost_page_miss': 3850, 'wal_buffers': 108401, 'wal_writer_delay': 9889, 'work_mem': 157856679}
Surrogate prediction for config: -1817.47 QPS
Performance (QPS): -1817.4697404745912
Evaluating configuration: {'autovacuum_analyze_scale_factor': 14.541357941925526, 'autovacuum_analyze_threshold': 1398783817, 'autovacuum_max_workers': 116, 'autovacuum_naptime': 927250, 'autovacuum_vacuum_cost_delay': 7, 'autovacuum_vacuum_cost_limit': 1749, 'autovacuum_vacuum_scale_factor': 12.682785466313362, 'autovacuum_vacuum_threshold': 1755855637, 'backend_flush_after': 229, 'bgwriter_delay': 2456, 'bgwriter_flush_after': 96, 'bgwriter_lru_maxpages': 799, 'bgwriter_lru_multiplier': 10, 'checkpoint_completion_target': 0.02632452081888914, 'checkpoint_flush_after': 99, 'checkpoint_timeout': 817, 'commit_delay': 25515, 'commit_siblings': 744, 'cursor_tuple_fraction': 0.0653075072914362, 'deadlock_timeout': 1640755072, 'default_statistics_target': 6143, 'effective_cache_size': 1771098618, 'effective_io_concurrency': 982, 'from_collapse_limit': 1403551182, 'geqo_effort': 8, 'geqo_generations': 456658054, 'geqo_pool_size': 214606922, 'geqo_seed': 0.8228023396804929, 'geqo_threshold': 1374850376, 'join_collapse_limit': 1692635718, 'maintenance_work_mem': 814318961, 'max_connections': 2789, 'max_wal_senders': 20, 'shared_buffers': 436723, 'temp_buffers': 678941471, 'temp_file_limit': 1443169087, 'vacuum_cost_delay': 95, 'vacuum_cost_limit': 7601, 'vacuum_cost_page_dirty': 1736, 'vacuum_cost_page_hit': 8548, 'vacuum_cost_page_miss': 6008, 'wal_buffers': 39645, 'wal_writer_delay': 8737, 'work_mem': 78461459}
Surrogate prediction for config: -1804.43 QPS
Performance (QPS): -1804.4254504263613
Evaluating configuration: {'autovacuum_analyze_scale_factor': 64.51417432372995, 'autovacuum_analyze_threshold': 412887151, 'autovacuum_max_workers': 36, 'autovacuum_naptime': 896391, 'autovacuum_vacuum_cost_delay': 31, 'autovacuum_vacuum_cost_limit': 441, 'autovacuum_vacuum_scale_factor': 71.82728738391712, 'autovacuum_vacuum_threshold': 50093567, 'backend_flush_after': 211, 'bgwriter_delay': 6198, 'bgwriter_flush_after': 71, 'bgwriter_lru_maxpages': 378, 'bgwriter_lru_multiplier': 8, 'checkpoint_completion_target': 0.05543170589397328, 'checkpoint_flush_after': 139, 'checkpoint_timeout': 1402, 'commit_delay': 61548, 'commit_siblings': 379, 'cursor_tuple_fraction': 0.8546974038195776, 'deadlock_timeout': 67364923, 'default_statistics_target': 6654, 'effective_cache_size': 1841465344, 'effective_io_concurrency': 977, 'from_collapse_limit': 537188841, 'geqo_effort': 2, 'geqo_generations': 1999516287, 'geqo_pool_size': 176633429, 'geqo_seed': 0.6201322706116258, 'geqo_threshold': 2077884565, 'join_collapse_limit': 164160369, 'maintenance_work_mem': 1494641118, 'max_connections': 2903, 'max_wal_senders': 14, 'shared_buffers': 3203480, 'temp_buffers': 588346509, 'temp_file_limit': 1287090640, 'vacuum_cost_delay': 73, 'vacuum_cost_limit': 5704, 'vacuum_cost_page_dirty': 9883, 'vacuum_cost_page_hit': 5138, 'vacuum_cost_page_miss': 2808, 'wal_buffers': 105779, 'wal_writer_delay': 8018, 'work_mem': 2022016958}
Surrogate prediction for config: -1752.65 QPS
Performance (QPS): -1752.6477066698071
Evaluating configuration: {'autovacuum_analyze_scale_factor': 16.045566345184866, 'autovacuum_analyze_threshold': 501972704, 'autovacuum_max_workers': 56, 'autovacuum_naptime': 276571, 'autovacuum_vacuum_cost_delay': 62, 'autovacuum_vacuum_cost_limit': 1078, 'autovacuum_vacuum_scale_factor': 97.27643916649652, 'autovacuum_vacuum_threshold': 1586824545, 'backend_flush_after': 171, 'bgwriter_delay': 7422, 'bgwriter_flush_after': 117, 'bgwriter_lru_maxpages': 974, 'bgwriter_lru_multiplier': 8, 'checkpoint_completion_target': 0.746817515231669, 'checkpoint_flush_after': 180, 'checkpoint_timeout': 1963, 'commit_delay': 73722, 'commit_siblings': 263, 'cursor_tuple_fraction': 0.35876862797886133, 'deadlock_timeout': 194186966, 'default_statistics_target': 49, 'effective_cache_size': 571477966, 'effective_io_concurrency': 309, 'from_collapse_limit': 346919398, 'geqo_effort': 10, 'geqo_generations': 2019492221, 'geqo_pool_size': 222465408, 'geqo_seed': 0.3471249183639884, 'geqo_threshold': 1969944448, 'join_collapse_limit': 75495144, 'maintenance_work_mem': 1079942001, 'max_connections': 2266, 'max_wal_senders': 14, 'shared_buffers': 1073819, 'temp_buffers': 1009859263, 'temp_file_limit': 315713535, 'vacuum_cost_delay': 73, 'vacuum_cost_limit': 4411, 'vacuum_cost_page_dirty': 6049, 'vacuum_cost_page_hit': 4259, 'vacuum_cost_page_miss': 3850, 'wal_buffers': 108401, 'wal_writer_delay': 9889, 'work_mem': 157856679}
Surrogate prediction for config: -1751.40 QPS
Performance (QPS): -1751.39738779282
Evaluating configuration: {'autovacuum_analyze_scale_factor': 72.1047938595928, 'autovacuum_analyze_threshold': 2146986495, 'autovacuum_max_workers': 58, 'autovacuum_naptime': 1508912, 'autovacuum_vacuum_cost_delay': 5, 'autovacuum_vacuum_cost_limit': 8077, 'autovacuum_vacuum_scale_factor': 2.350003350048377, 'autovacuum_vacuum_threshold': 1207232270, 'backend_flush_after': 255, 'bgwriter_delay': 9296, 'bgwriter_flush_after': 74, 'bgwriter_lru_maxpages': 406, 'bgwriter_lru_multiplier': 9, 'checkpoint_completion_target': 0.027403385612733255, 'checkpoint_flush_after': 17, 'checkpoint_timeout': 1160, 'commit_delay': 16816, 'commit_siblings': 955, 'cursor_tuple_fraction': 0.2548165298742586, 'deadlock_timeout': 1489766200, 'default_statistics_target': 5017, 'effective_cache_size': 1803398829, 'effective_io_concurrency': 447, 'from_collapse_limit': 249549315, 'geqo_effort': 4, 'geqo_generations': 358098464, 'geqo_pool_size': 221495030, 'geqo_seed': 0.3223824256379271, 'geqo_threshold': 553158721, 'join_collapse_limit': 816510958, 'maintenance_work_mem': 2040211635, 'max_connections': 2683, 'max_wal_senders': 9, 'shared_buffers': 2390409, 'temp_buffers': 1030614288, 'temp_file_limit': 540281927, 'vacuum_cost_delay': 98, 'vacuum_cost_limit': 9659, 'vacuum_cost_page_dirty': 4312, 'vacuum_cost_page_hit': 638, 'vacuum_cost_page_miss': 8104, 'wal_buffers': 14461, 'wal_writer_delay': 9314, 'work_mem': 881287565}
Surrogate prediction for config: -1749.38 QPS
Performance (QPS): -1749.38328513923
Evaluating configuration: {'autovacuum_analyze_scale_factor': 16.045566345184866, 'autovacuum_analyze_threshold': 501972704, 'autovacuum_max_workers': 56, 'autovacuum_naptime': 276571, 'autovacuum_vacuum_cost_delay': 78, 'autovacuum_vacuum_cost_limit': 1048, 'autovacuum_vacuum_scale_factor': 97.27643916649652, 'autovacuum_vacuum_threshold': 1586824545, 'backend_flush_after': 185, 'bgwriter_delay': 7418, 'bgwriter_flush_after': 117, 'bgwriter_lru_maxpages': 974, 'bgwriter_lru_multiplier': 8, 'checkpoint_completion_target': 0.746817515231669, 'checkpoint_flush_after': 189, 'checkpoint_timeout': 2171, 'commit_delay': 69317, 'commit_siblings': 263, 'cursor_tuple_fraction': 0.35876862797886133, 'deadlock_timeout': 194186966, 'default_statistics_target': 49, 'effective_cache_size': 571477966, 'effective_io_concurrency': 309, 'from_collapse_limit': 346919398, 'geqo_effort': 3, 'geqo_generations': 2019492221, 'geqo_pool_size': 222465408, 'geqo_seed': 0.3471249183639884, 'geqo_threshold': 1924845184, 'join_collapse_limit': 161194240, 'maintenance_work_mem': 1079942001, 'max_connections': 2266, 'max_wal_senders': 15, 'shared_buffers': 1073819, 'temp_buffers': 1009859263, 'temp_file_limit': 230135215, 'vacuum_cost_delay': 73, 'vacuum_cost_limit': 4662, 'vacuum_cost_page_dirty': 6049, 'vacuum_cost_page_hit': 4876, 'vacuum_cost_page_miss': 4374, 'wal_buffers': 108401, 'wal_writer_delay': 9889, 'work_mem': 157856679}
Surrogate prediction for config: -1779.98 QPS
Performance (QPS): -1779.9770375346434
Evaluating configuration: {'autovacuum_analyze_scale_factor': 98.65272643172527, 'autovacuum_analyze_threshold': 553003012, 'autovacuum_max_workers': 104, 'autovacuum_naptime': 975744, 'autovacuum_vacuum_cost_delay': 5, 'autovacuum_vacuum_cost_limit': 2142, 'autovacuum_vacuum_scale_factor': 42.2773511505389, 'autovacuum_vacuum_threshold': 1410781533, 'backend_flush_after': 67, 'bgwriter_delay': 7310, 'bgwriter_flush_after': 59, 'bgwriter_lru_maxpages': 412, 'bgwriter_lru_multiplier': 6, 'checkpoint_completion_target': 0.18006775028338406, 'checkpoint_flush_after': 24, 'checkpoint_timeout': 278, 'commit_delay': 26014, 'commit_siblings': 247, 'cursor_tuple_fraction': 0.9934608171945344, 'deadlock_timeout': 214844736, 'default_statistics_target': 7316, 'effective_cache_size': 681013167, 'effective_io_concurrency': 544, 'from_collapse_limit': 1957970432, 'geqo_effort': 9, 'geqo_generations': 582565056, 'geqo_pool_size': 259991854, 'geqo_seed': 0.7037057478302482, 'geqo_threshold': 1834126748, 'join_collapse_limit': 1874956928, 'maintenance_work_mem': 26302001, 'max_connections': 1643, 'max_wal_senders': 25, 'shared_buffers': 1534113, 'temp_buffers': 1017063173, 'temp_file_limit': 159818432, 'vacuum_cost_delay': 37, 'vacuum_cost_limit': 5125, 'vacuum_cost_page_dirty': 2105, 'vacuum_cost_page_hit': 8036, 'vacuum_cost_page_miss': 7239, 'wal_buffers': 29897, 'wal_writer_delay': 9593, 'work_mem': 850185958}
Surrogate prediction for config: -1727.74 QPS
Performance (QPS): -1727.7385866991337
Evaluating configuration: {'autovacuum_analyze_scale_factor': 16.045566345184866, 'autovacuum_analyze_threshold': 501972704, 'autovacuum_max_workers': 56, 'autovacuum_naptime': 276571, 'autovacuum_vacuum_cost_delay': 83, 'autovacuum_vacuum_cost_limit': 1201, 'autovacuum_vacuum_scale_factor': 86.36124006525965, 'autovacuum_vacuum_threshold': 1494809087, 'backend_flush_after': 185, 'bgwriter_delay': 7418, 'bgwriter_flush_after': 117, 'bgwriter_lru_maxpages': 974, 'bgwriter_lru_multiplier': 8, 'checkpoint_completion_target': 0.746817515231669, 'checkpoint_flush_after': 189, 'checkpoint_timeout': 2171, 'commit_delay': 69317, 'commit_siblings': 263, 'cursor_tuple_fraction': 0.3545635590501303, 'deadlock_timeout': 172083440, 'default_statistics_target': 49, 'effective_cache_size': 684319040, 'effective_io_concurrency': 309, 'from_collapse_limit': 346919398, 'geqo_effort': 3, 'geqo_generations': 2019492221, 'geqo_pool_size': 222465408, 'geqo_seed': 0.3471249183639884, 'geqo_threshold': 1810954240, 'join_collapse_limit': 347645056, 'maintenance_work_mem': 1079942001, 'max_connections': 2266, 'max_wal_senders': 15, 'shared_buffers': 1140404, 'temp_buffers': 1009859263, 'temp_file_limit': 230135215, 'vacuum_cost_delay': 91, 'vacuum_cost_limit': 4500, 'vacuum_cost_page_dirty': 6049, 'vacuum_cost_page_hit': 5353, 'vacuum_cost_page_miss': 5898, 'wal_buffers': 106108, 'wal_writer_delay': 9889, 'work_mem': 157856679}
Surrogate prediction for config: -1798.82 QPS
Performance (QPS): -1798.8155154987248
Evaluating configuration: {'autovacuum_analyze_scale_factor': 22.623364034487647, 'autovacuum_analyze_threshold': 501972704, 'autovacuum_max_workers': 56, 'autovacuum_naptime': 276571, 'autovacuum_vacuum_cost_delay': 83, 'autovacuum_vacuum_cost_limit': 1201, 'autovacuum_vacuum_scale_factor': 84.54613421365302, 'autovacuum_vacuum_threshold': 1494809087, 'backend_flush_after': 185, 'bgwriter_delay': 7418, 'bgwriter_flush_after': 133, 'bgwriter_lru_maxpages': 974, 'bgwriter_lru_multiplier': 8, 'checkpoint_completion_target': 0.746817515231669, 'checkpoint_flush_after': 177, 'checkpoint_timeout': 2171, 'commit_delay': 72147, 'commit_siblings': 263, 'cursor_tuple_fraction': 0.4728012254309956, 'deadlock_timeout': 114705712, 'default_statistics_target': 419, 'effective_cache_size': 539516864, 'effective_io_concurrency': 303, 'from_collapse_limit': 351540480, 'geqo_effort': 3, 'geqo_generations': 2019492221, 'geqo_pool_size': 230312304, 'geqo_seed': 0.34406799320748466, 'geqo_threshold': 1810954240, 'join_collapse_limit': 347645056, 'maintenance_work_mem': 1079942001, 'max_connections': 2266, 'max_wal_senders': 15, 'shared_buffers': 1140404, 'temp_buffers': 1009859263, 'temp_file_limit': 230135215, 'vacuum_cost_delay': 90, 'vacuum_cost_limit': 4576, 'vacuum_cost_page_dirty': 6049, 'vacuum_cost_page_hit': 5353, 'vacuum_cost_page_miss': 5898, 'wal_buffers': 106108, 'wal_writer_delay': 9889, 'work_mem': 157856679}
Surrogate prediction for config: -1813.86 QPS
Performance (QPS): -1813.8561789014918
Evaluating configuration: {'autovacuum_analyze_scale_factor': 15.39960755641448, 'autovacuum_analyze_threshold': 501972704, 'autovacuum_max_workers': 56, 'autovacuum_naptime': 133780, 'autovacuum_vacuum_cost_delay': 83, 'autovacuum_vacuum_cost_limit': 1201, 'autovacuum_vacuum_scale_factor': 86.36124006525965, 'autovacuum_vacuum_threshold': 1494809087, 'backend_flush_after': 183, 'bgwriter_delay': 7418, 'bgwriter_flush_after': 135, 'bgwriter_lru_maxpages': 949, 'bgwriter_lru_multiplier': 4, 'checkpoint_completion_target': 0.746817515231669, 'checkpoint_flush_after': 189, 'checkpoint_timeout': 1853, 'commit_delay': 71316, 'commit_siblings': 263, 'cursor_tuple_fraction': 0.3545635590501303, 'deadlock_timeout': 172083440, 'default_statistics_target': 49, 'effective_cache_size': 504057472, 'effective_io_concurrency': 309, 'from_collapse_limit': 346919398, 'geqo_effort': 3, 'geqo_generations': 2019492221, 'geqo_pool_size': 227139328, 'geqo_seed': 0.3471249183639884, 'geqo_threshold': 1810954240, 'join_collapse_limit': 347645056, 'maintenance_work_mem': 1079942001, 'max_connections': 2266, 'max_wal_senders': 20, 'shared_buffers': 953959, 'temp_buffers': 1003697990, 'temp_file_limit': 374438047, 'vacuum_cost_delay': 91, 'vacuum_cost_limit': 4252, 'vacuum_cost_page_dirty': 6049, 'vacuum_cost_page_hit': 5490, 'vacuum_cost_page_miss': 6270, 'wal_buffers': 106108, 'wal_writer_delay': 9889, 'work_mem': 52475542}
Surrogate prediction for config: -1792.04 QPS
Performance (QPS): -1792.0416204364576
Evaluating configuration: {'autovacuum_analyze_scale_factor': 22.623364034487647, 'autovacuum_analyze_threshold': 532682240, 'autovacuum_max_workers': 56, 'autovacuum_naptime': 227148, 'autovacuum_vacuum_cost_delay': 83, 'autovacuum_vacuum_cost_limit': 1201, 'autovacuum_vacuum_scale_factor': 84.54613421365302, 'autovacuum_vacuum_threshold': 1494809087, 'backend_flush_after': 185, 'bgwriter_delay': 7831, 'bgwriter_flush_after': 145, 'bgwriter_lru_maxpages': 974, 'bgwriter_lru_multiplier': 8, 'checkpoint_completion_target': 0.746817515231669, 'checkpoint_flush_after': 177, 'checkpoint_timeout': 1693, 'commit_delay': 72147, 'commit_siblings': 263, 'cursor_tuple_fraction': 0.48996674828636316, 'deadlock_timeout': 231515760, 'default_statistics_target': 419, 'effective_cache_size': 539516864, 'effective_io_concurrency': 303, 'from_collapse_limit': 351540480, 'geqo_effort': 3, 'geqo_generations': 2019492221, 'geqo_pool_size': 230312304, 'geqo_seed': 0.34406799320748466, 'geqo_threshold': 1810954240, 'join_collapse_limit': 347645056, 'maintenance_work_mem': 1079942001, 'max_connections': 2509, 'max_wal_senders': 13, 'shared_buffers': 1140404, 'temp_buffers': 1009859263, 'temp_file_limit': 161465727, 'vacuum_cost_delay': 90, 'vacuum_cost_limit': 4576, 'vacuum_cost_page_dirty': 6514, 'vacuum_cost_page_hit': 5353, 'vacuum_cost_page_miss': 6089, 'wal_buffers': 106108, 'wal_writer_delay': 9721, 'work_mem': 369286900}
Surrogate prediction for config: -1807.95 QPS
Performance (QPS): -1807.9456494741287
Evaluating configuration: {'autovacuum_analyze_scale_factor': 19.359221099209627, 'autovacuum_analyze_threshold': 562818496, 'autovacuum_max_workers': 51, 'autovacuum_naptime': 97421, 'autovacuum_vacuum_cost_delay': 83, 'autovacuum_vacuum_cost_limit': 803, 'autovacuum_vacuum_scale_factor': 93.69606569257144, 'autovacuum_vacuum_threshold': 1494809087, 'backend_flush_after': 183, 'bgwriter_delay': 7353, 'bgwriter_flush_after': 135, 'bgwriter_lru_maxpages': 897, 'bgwriter_lru_multiplier': 0, 'checkpoint_completion_target': 0.7307699804241437, 'checkpoint_flush_after': 189, 'checkpoint_timeout': 1730, 'commit_delay': 72035, 'commit_siblings': 263, 'cursor_tuple_fraction': 0.3313452741970277, 'deadlock_timeout': 172083440, 'default_statistics_target': 49, 'effective_cache_size': 504057472, 'effective_io_concurrency': 309, 'from_collapse_limit': 393299200, 'geqo_effort': 10, 'geqo_generations': 2019492221, 'geqo_pool_size': 227139328, 'geqo_seed': 0.3471249183639884, 'geqo_threshold': 1810954240, 'join_collapse_limit': 347645056, 'maintenance_work_mem': 1091494391, 'max_connections': 2266, 'max_wal_senders': 15, 'shared_buffers': 1016870, 'temp_buffers': 1003697990, 'temp_file_limit': 182446991, 'vacuum_cost_delay': 90, 'vacuum_cost_limit': 4252, 'vacuum_cost_page_dirty': 6049, 'vacuum_cost_page_hit': 4473, 'vacuum_cost_page_miss': 6270, 'wal_buffers': 115040, 'wal_writer_delay': 9835, 'work_mem': 59765218}
Surrogate prediction for config: -1790.55 QPS
Performance (QPS): -1790.5545294741594
Evaluating configuration: {'autovacuum_analyze_scale_factor': 22.051366018189356, 'autovacuum_analyze_threshold': 1091430318, 'autovacuum_max_workers': 72, 'autovacuum_naptime': 1749858, 'autovacuum_vacuum_cost_delay': 74, 'autovacuum_vacuum_cost_limit': 720, 'autovacuum_vacuum_scale_factor': 74.60869916094252, 'autovacuum_vacuum_threshold': 145242155, 'backend_flush_after': 188, 'bgwriter_delay': 7017, 'bgwriter_flush_after': 37, 'bgwriter_lru_maxpages': 746, 'bgwriter_lru_multiplier': 4, 'checkpoint_completion_target': 0.427454072333574, 'checkpoint_flush_after': 187, 'checkpoint_timeout': 3059, 'commit_delay': 42253, 'commit_siblings': 667, 'cursor_tuple_fraction': 0.5008884406470779, 'deadlock_timeout': 2001018612, 'default_statistics_target': 9900, 'effective_cache_size': 954418676, 'effective_io_concurrency': 8, 'from_collapse_limit': 409293692, 'geqo_effort': 8, 'geqo_generations': 1721962842, 'geqo_pool_size': 115040207, 'geqo_seed': 0.8000369316441254, 'geqo_threshold': 1473720733, 'join_collapse_limit': 857614750, 'maintenance_work_mem': 1244084168, 'max_connections': 1310, 'max_wal_senders': 21, 'shared_buffers': 2004771, 'temp_buffers': 633643767, 'temp_file_limit': 1821484924, 'vacuum_cost_delay': 17, 'vacuum_cost_limit': 7174, 'vacuum_cost_page_dirty': 9155, 'vacuum_cost_page_hit': 4006, 'vacuum_cost_page_miss': 1297, 'wal_buffers': 121713, 'wal_writer_delay': 4587, 'work_mem': 802599107}
Surrogate prediction for config: -1757.76 QPS
Performance (QPS): -1757.7565590298009
Evaluating configuration: {'autovacuum_analyze_scale_factor': 23.171070168200302, 'autovacuum_analyze_threshold': 737496768, 'autovacuum_max_workers': 81, 'autovacuum_naptime': 319553, 'autovacuum_vacuum_cost_delay': 56, 'autovacuum_vacuum_cost_limit': 1078, 'autovacuum_vacuum_scale_factor': 82.09828861698378, 'autovacuum_vacuum_threshold': 1586824545, 'backend_flush_after': 171, 'bgwriter_delay': 7422, 'bgwriter_flush_after': 117, 'bgwriter_lru_maxpages': 963, 'bgwriter_lru_multiplier': 8, 'checkpoint_completion_target': 0.746817515231669, 'checkpoint_flush_after': 180, 'checkpoint_timeout': 1882, 'commit_delay': 73722, 'commit_siblings': 263, 'cursor_tuple_fraction': 0.41893117455703194, 'deadlock_timeout': 194186966, 'default_statistics_target': 326, 'effective_cache_size': 571477966, 'effective_io_concurrency': 299, 'from_collapse_limit': 346919398, 'geqo_effort': 10, 'geqo_generations': 2019492221, 'geqo_pool_size': 294783416, 'geqo_seed': 0.3471249183639884, 'geqo_threshold': 1824673664, 'join_collapse_limit': 286547482, 'maintenance_work_mem': 886579993, 'max_connections': 2266, 'max_wal_senders': 17, 'shared_buffers': 1073819, 'temp_buffers': 1009859263, 'temp_file_limit': 208861999, 'vacuum_cost_delay': 73, 'vacuum_cost_limit': 4539, 'vacuum_cost_page_dirty': 6049, 'vacuum_cost_page_hit': 3760, 'vacuum_cost_page_miss': 5681, 'wal_buffers': 108401, 'wal_writer_delay': 9889, 'work_mem': 157856679}
Surrogate prediction for config: -1815.31 QPS
Performance (QPS): -1815.3098405626836
